<?xml version="1.0" encoding="UTF-8"?>
<!-- Generated by org.testng.reporters.JUnitReportReporter -->
<testsuite skipped="0" hostname="NewUser-PC" name="com.TestRunPage.Runtest" tests="1" failures="0" timestamp="12 Oct 2020 19:01:06 GMT" time="9.691" errors="0">
  <testcase name="feature" time="9.691" classname="com.TestRunPage.Runtest"/>
</testsuite> <!-- com.TestRunPage.Runtest -->
